TN:
SF:C:\Users\38093\Desktop\EPAM\25. Testing\HW_Testing_Wep_App\CreditCardApp\src\polyfills.ts
FNF:0
FNH:0
LF:0
LH:0
BRF:0
BRH:0
end_of_record
TN:
SF:C:\Users\38093\Desktop\EPAM\25. Testing\HW_Testing_Wep_App\CreditCardApp\src\test.ts
FNF:0
FNH:0
DA:18,1
DA:23,1
DA:25,1
LF:3
LH:3
BRF:0
BRH:0
end_of_record
TN:
SF:C:\Users\38093\Desktop\EPAM\25. Testing\HW_Testing_Wep_App\CreditCardApp\src\app\app.component.ts
FN:18,(anonymous_0)
FN:20,(anonymous_1)
FN:29,(anonymous_3)
FN:34,(anonymous_4)
FNF:4
FNH:1
FNDA:1,(anonymous_0)
FNDA:0,(anonymous_1)
FNDA:0,(anonymous_3)
FNDA:0,(anonymous_4)
DA:11,1
DA:13,1
DA:16,1
DA:18,1
DA:21,0
DA:30,0
DA:31,0
DA:35,0
DA:36,0
LF:9
LH:4
BRF:0
BRH:0
end_of_record
TN:
SF:C:\Users\38093\Desktop\EPAM\25. Testing\HW_Testing_Wep_App\CreditCardApp\src\app\credit-card-service\credit-card.service.ts
FN:19,(anonymous_0)
FN:31,(anonymous_1)
FN:69,(anonymous_2)
FN:82,(anonymous_3)
FN:96,(anonymous_4)
FN:102,(anonymous_5)
FN:107,(anonymous_6)
FN:108,(anonymous_7)
FN:112,(anonymous_8)
FN:144,(anonymous_9)
FNF:10
FNH:10
FNDA:8,(anonymous_0)
FNDA:6,(anonymous_1)
FNDA:1,(anonymous_2)
FNDA:2,(anonymous_3)
FNDA:5,(anonymous_4)
FNDA:1,(anonymous_5)
FNDA:6,(anonymous_6)
FNDA:29,(anonymous_7)
FNDA:4,(anonymous_8)
FNDA:13,(anonymous_9)
DA:9,1
DA:11,8
DA:20,8
DA:21,8
DA:32,6
DA:37,6
DA:38,6
DA:39,1
DA:40,1
DA:43,5
DA:44,1
DA:45,1
DA:48,4
DA:49,3
DA:50,3
DA:53,1
DA:54,0
DA:55,0
DA:58,1
DA:59,0
DA:60,0
DA:63,1
DA:64,1
DA:66,1
DA:70,1
DA:71,1
DA:73,1
DA:74,2
DA:75,1
DA:79,0
DA:83,2
DA:84,2
DA:86,2
DA:87,2
DA:88,2
DA:89,1
DA:93,1
DA:97,5
DA:98,5
DA:99,5
DA:103,1
DA:104,1
DA:108,6
DA:109,29
DA:113,4
DA:114,4
DA:115,4
DA:118,4
DA:120,63
DA:122,63
DA:123,12
DA:124,12
DA:127,63
DA:129,63
DA:130,32
DA:132,31
DA:136,4
DA:138,2
DA:141,2
DA:145,13
LF:60
LH:55
BRDA:38,0,0,1
BRDA:38,0,1,5
BRDA:43,1,0,1
BRDA:43,1,1,4
BRDA:48,2,0,3
BRDA:48,2,1,1
BRDA:48,3,0,4
BRDA:48,3,1,2
BRDA:53,4,0,0
BRDA:53,4,1,1
BRDA:58,5,0,0
BRDA:58,5,1,1
BRDA:74,6,0,1
BRDA:74,6,1,1
BRDA:88,7,0,1
BRDA:88,7,1,1
BRDA:99,8,0,4
BRDA:99,8,1,1
BRDA:122,9,0,12
BRDA:122,9,1,51
BRDA:129,10,0,32
BRDA:129,10,1,31
BRDA:136,11,0,2
BRDA:136,11,1,2
BRF:24
BRH:22
end_of_record
TN:
SF:C:\Users\38093\Desktop\EPAM\25. Testing\HW_Testing_Wep_App\CreditCardApp\src\app\static-data\card-errors.ts
FNF:0
FNH:0
DA:1,1
LF:1
LH:1
BRF:0
BRH:0
end_of_record
TN:
SF:C:\Users\38093\Desktop\EPAM\25. Testing\HW_Testing_Wep_App\CreditCardApp\src\app\static-data\card-list.ts
FNF:0
FNH:0
DA:3,1
LF:1
LH:1
BRF:0
BRH:0
end_of_record
